Case #1: YES
212
111
212

Case #2: NO
22222
21112
21212
21112
22222

Case #3: NO
1111111
2222112

Case #4: NO
111111111
212112112
111111111
111111111
212112112
212112112
212112112

Case #5: NO
2211212
1122211
1221121
1221122
2212121
2222211
1122221
1111121
1211111
2111121

Case #6: YES
11111

Case #7: NO
1211
1221

Case #8: NO
2222222212
2222222222
2222222222
2212222222
2212212222
2222222222
2222222211
1122222222
2222222222
2222222222

Case #9: NO
22222222
22222222
22222122
22222222

Case #10: YES
22

Case #11: NO
1222111112
1121222211
1112212211
2211111122
1112111111
2121122111
2112111222

Case #12: NO
12222222
22222212
22222222
22212222

Case #13: NO
1121
1212
1221
1121
1212
2212
2222
2222
2211
1111

Case #14: NO
22221221
22222222
22222212
22222122
22122222

Case #15: YES
1
1
1
1
1

Case #16: NO
222222222
222122222
222222222
222222222
222222222
222222222
222222222
222222222
222222222
222222222

Case #17: NO
2222222222
2222222222
2222222222
2222221222

Case #18: YES
1
2
1
1
1
2
1
1
1

Case #19: NO
2222222222
2222222222
2222222212
2222222222
2222222222
2222222222
2222222222
2222222222
2222222222
2222122222

Case #20: NO
2122111
2122122
2121122
2211122
1121122
2222221
1212221
2121122
1222211

Case #21: NO
2212121
1221211
1212112
2111211
1122222
2221221
2212111

Case #22: NO
1111111
1111111
2212121
2212221
2212221
1111111
2212221

Case #23: NO
1111111111
1111111111
1111111111
1111111111
1111111111
1111111111
1111211111
1111111111
1111111111
1111111111

Case #24: YES
111111111
111111111

Case #25: NO
222
221
222
222

Case #26: YES
11
11
11
11
11
11
11

Case #27: NO
222
111
111
111
111
212
111
222
111
222

Case #28: NO
1111111111
2111111111
1111111111
1111111111
1111111111
1111111111
1111111111
1111111111
1111111111
1111111111

Case #29: NO
222
222
222
112

Case #30: NO
1211121112
1111222222
2211121221

Case #31: NO
1111
2221
2222

Case #32: YES
1111111111
1111111111
2212211112
1111111111

Case #33: NO
1212222
2212222
2222121
2221222
2212122

Case #34: NO
21212121
11111111
21212121
21212121

Case #35: NO
1121111111
1111111111
1111111111
1111111111
1111111111
1111111111
1111111111
1111111111
1111111111
2111111111

Case #36: NO
1211112
1111111
1111111
1211112
1211112
1111111
1211112

Case #37: NO
21111
22112
12111
11111
11221
21112
11221
12111

Case #38: YES
12
11
12

Case #39: NO
1111111111
2121122121
2121122121
1111111111
2121122121
2121122121
1111111111

Case #40: NO
222222222
222222222
222222222
222222222
222222222
221222222
222222222

Case #41: YES
111111111

Case #42: NO
21222111
22111112
21122112
22112221
11122122
22221112
11211111
12111121

Case #43: NO
1222222
2222222
2222222
2222222
2222222

Case #44: NO
1222211211
2211111211
1212212121
1112112121
1211122111
1221112121
1112221221
1121121122
2122212121

Case #45: NO
1111111111
1111111111
1111111111
1111111111
2111111111
1111111111
1111111111
1111111111
1111111121
1111111111

Case #46: NO
22
21
12
12
22
21
12
21
21

Case #47: NO
11111111
11111111
11111111
12122111
12122111
12122111
11111111
11111111

Case #48: NO
21121222
21121222
11111111
21121222
11111111

Case #49: NO
222222122
212222222

Case #50: NO
2221
1112
1112
2121
2112
1211
1211
1112

Case #51: NO
111
111
211
111
111
211
111

Case #52: NO
22
22
22
21
22
22
22

Case #53: NO
1111111
1211122
1111111
1111111
1211122

Case #54: NO
222
222
212
222
222
222
222

Case #55: YES
222221
222222

Case #56: NO
12112212
11111111
11111111
12112212
12112212
12112212
12112212
12112112

Case #57: NO
2221222222
2222222222
2122222222
1222122222

Case #58: YES
11

Case #59: NO
2222222222
2222222222
2222222222
2221222222
2222122222
2222222222
2222222222
2222222222
2222222222
2222222222

Case #60: NO
222212
212121

Case #61: NO
22222222
22222222
22222222
22222221
22222222

Case #62: NO
21
12
22
22

Case #63: YES
211
211

Case #64: NO
1212212211
1221122212
1212121121
2212122221
2122221221
2211112221
2121222222
1212212112
1111211122
1221221121

Case #65: NO
1221211
1212112
1221111

Case #66: YES
1
1
1
1
1

Case #67: NO
22
22
22
22
21
22
22

Case #68: NO
222
122
222
211
112
222
222

Case #69: NO
11
22
22
12
22
11

Case #70: NO
121
111
111
111

Case #71: NO
22
22
22
21

Case #72: NO
22221
11112
12122
11211
12122
21211
12111

Case #73: YES
111111111
111111111
111111111
111111111
111111111
111111111
111111111
111111111
222121222
111111111

Case #74: NO
111111
111212

Case #75: YES
2222222222
2222222222
2222222222
2222222222
2222222222
2222222222
2222222222
2222222222
2222222222
2222222222

Case #76: NO
222222222
212222222

Case #77: NO
122
222

Case #78: YES
1
1

Case #79: NO
2222212122
1212212222
2212121221
1121221112
2122221112
2211112121
2122122222
1121112221
2111111121
2122122222

Case #80: NO
222122222
222222222

Case #81: YES
11111

Case #82: NO
1111111111
1111111111
1121122222
1121122222
1111111111
1111111111
1121122222
1111111111
1111111111
1111111111

Case #83: NO
11
11
12
11

Case #84: NO
2222222222
1222222222
2222222222
2222222222
2222222222
2222222222
2222222222
2222222222
2222222222
2222222222

Case #85: YES
1111111111
2111121222
2111121222
2111121222
1111111111
2111121222
1111111111
2111121222
1111111111
1111111111

Case #86: NO
1111121212
1111111111
1111121212
1111111212
1111111111
1111111111
1111111111

Case #87: NO
222221222
121212121

Case #88: NO
111111111
112121222

Case #89: NO
222222122
222212122
212222222
212222122
212122222
122222221
222211222

Case #90: YES
121
121
111
121
121
121
121
121
111
121

Case #91: NO
222
222
222
212
222
222
222
222
222
122

Case #92: NO
12
11
12
21
12
11
22
21
22

Case #93: YES
1
1

Case #94: NO
221
212

Case #95: NO
2222222222
2222222222
2222222222
2222222222
2222222222
2222222222
2222222212
2222222222
2222222222
2222222222

Case #96: YES
2

Case #97: NO
2222222222
2222222222
2222222222
2222222222
2222222222
2222222222
2221222222
2222222222
2222222222
2222222222

Case #98: NO
2222122
2212212
2222221
2222222
2222212
2222122
2222222

Case #99: YES
1

Case #100: NO
111211111
111121111
212211121
112112121
111112122
121111222
112121112
121222111
111112221
111111112

